{
  "start": "2021-04-22T06:25:17.921Z",
  "end": "2021-04-22T06:25:34.671Z",
  "capabilities": {
    "acceptInsecureCerts": true,
    "browserName": "firefox",
    "browserVersion": "87.0",
    "moz:accessibilityChecks": false,
    "moz:buildID": "20210318103112",
    "moz:debuggerAddress": "localhost:55442",
    "moz:geckodriverVersion": "0.29.1",
    "moz:headless": false,
    "moz:processID": 14657,
    "moz:profile": "/var/folders/cz/lvhzq9h96rd2jn059mlnshvm0000gn/T/rust_mozprofileEasFbw",
    "moz:shutdownTimeout": 60000,
    "moz:useNonSpecCompliantPointerOrigin": false,
    "moz:webdriverClick": true,
    "pageLoadStrategy": "normal",
    "platformName": "mac",
    "platformVersion": "20.3.0",
    "rotatable": false,
    "setWindowRect": true,
    "strictFileInteractability": false,
    "timeouts": {
      "implicit": 0,
      "pageLoad": 300000,
      "script": 30000
    },
    "unhandledPromptBehavior": "dismiss and notify",
    "webdriver.remote.sessionid": "ff3b937f-b83f-2d44-8a9d-3e9cc1f6d813",
    "sessionId": "ff3b937f-b83f-2d44-8a9d-3e9cc1f6d813"
  },
  "host": "localhost",
  "port": 4444,
  "baseUrl": "http://localhost",
  "framework": "mocha",
  "duration": 16750,
  "suites": [
    {
      "title": "Test spec 2",
      "duration": 16241,
      "start": "2021-04-22T06:25:17.926Z",
      "end": "2021-04-22T06:25:34.167Z",
      "tests": [
        {
          "title": "Get text of H2 header ",
          "start": "2021-04-22T06:25:17.926Z",
          "end": "2021-04-22T06:25:24.288Z",
          "duration": 6362,
          "state": "failed",
          "screenshots": [
            "/Users/hifzur/Desktop/javascriptProjects/wdio-test/timeline-report/file-1619072724284.jpeg"
          ],
          "error": {
            "type": "Error",
            "message": "\u001b[2mexpect(\u001b[22m\u001b[31mreceived\u001b[39m\u001b[2m).\u001b[22mtoBe\u001b[2m(\u001b[22m\u001b[32mexpected\u001b[39m\u001b[2m) // Object.is equality\u001b[22m\n\nExpected: \u001b[32m\"Idea that change the world are often the most controversial.\"\u001b[39m\nReceived: \u001b[31m\"Idea\u001b[7ms\u001b[27m that change the world are often the most controversial.\"\u001b[39m",
            "stack": "Error: \u001b[2mexpect(\u001b[22m\u001b[31mreceived\u001b[39m\u001b[2m).\u001b[22mtoBe\u001b[2m(\u001b[22m\u001b[32mexpected\u001b[39m\u001b[2m) // Object.is equality\u001b[22m\n\nExpected: \u001b[32m\"Idea that change the world are often the most controversial.\"\u001b[39m\nReceived: \u001b[31m\"Idea\u001b[7ms\u001b[27m that change the world are often the most controversial.\"\u001b[39m\n    at Context.<anonymous> (/Users/hifzur/Desktop/javascriptProjects/wdio-test/tests/test2.js:12:22)"
          }
        },
        {
          "title": "Check link value",
          "start": "2021-04-22T06:25:24.289Z",
          "end": "2021-04-22T06:25:34.167Z",
          "duration": 9878,
          "state": "failed",
          "screenshots": [
            "/Users/hifzur/Desktop/javascriptProjects/wdio-test/timeline-report/file-1619072734163.jpeg"
          ],
          "error": {
            "type": "Error",
            "message": "Expect $(`#IconCallouts-1 > section > div > div.ay.bx.by.bz.co.dl.gn.go.gp.q.r > div > a`) to have attribute href\n\nExpected: \u001b[32m\"\u001b[7mhttps://www.volvocars.com\u001b[27m/intl/v/car-safety\"\u001b[39m\nReceived: \u001b[31m\"/intl/v/car-safety\"\u001b[39m",
            "stack": "Error: Expect $(`#IconCallouts-1 > section > div > div.ay.bx.by.bz.co.dl.gn.go.gp.q.r > div > a`) to have attribute href\n\nExpected: \u001b[32m\"\u001b[7mhttps://www.volvocars.com\u001b[27m/intl/v/car-safety\"\u001b[39m\nReceived: \u001b[31m\"/intl/v/car-safety\"\u001b[39m\n    at Context.<anonymous> (/Users/hifzur/Desktop/javascriptProjects/wdio-test/tests/test2.js:18:22)"
          }
        }
      ],
      "hooks": []
    }
  ],
  "specs": [
    "/Users/hifzur/Desktop/javascriptProjects/wdio-test/tests/test2.js"
  ],
  "state": {
    "passed": 0,
    "failed": 2,
    "skipped": 0
  }
}